Using pre-set license
Built from '2020.2/release' branch; Version is '2020.2.2f1 (068178b99f32) revision 426360'; Using compiler version '192528614'; Build Type 'Release'
OS: 'Windows 10 Home Single Language; OS build 18363.1440; Version 1909; 64bit' Language: 'en' Physical Memory: 8107 MB
BatchMode: 1, IsHumanControllingUs: 0, StartBugReporterOnCrash: 0, Is64bit: 1, IsPro: 0

 COMMAND LINE ARGUMENTS:
C:\Program Files\Unity\Editor\2020.2.2f1\Editor\Unity.exe
-adb2
-batchMode
-noUpm
-name
AssetImportWorker0
-projectPath
C:/Users/LENOVO/Desktop/Work/Assignment1_Part1/Assignment1_Part2/Assignment1_Part3
-logFile
Logs/AssetImportWorker0.log
-srvPort
49941
Successfully changed project path to: C:/Users/LENOVO/Desktop/Work/Assignment1_Part1/Assignment1_Part2/Assignment1_Part3
C:/Users/LENOVO/Desktop/Work/Assignment1_Part1/Assignment1_Part2/Assignment1_Part3
Using Asset Import Pipeline V2.
Refreshing native plugins compatible for Editor in 97.86 ms, found 0 plugins.
Preloading 0 native plugins for Editor in 0.00 ms.
Initialize engine version: 2020.2.2f1 (068178b99f32)
[Subsystems] Discovering subsystems at path C:/Program Files/Unity/Editor/2020.2.2f1/Editor/Data/Resources/UnitySubsystems
[Subsystems] Discovering subsystems at path C:/Users/LENOVO/Desktop/Work/Assignment1_Part1/Assignment1_Part2/Assignment1_Part3/Assets
GfxDevice: creating device client; threaded=0
Direct3D:
    Version:  Direct3D 11.0 [level 11.1]
    Renderer: Intel(R) HD Graphics 5500 (ID=0x1616)
    Vendor:   
    VRAM:     4053 MB
    Driver:   20.19.15.4642
Shader 'Universal Render Pipeline/Particles/Lit': fallback shader 'Universal Render Pipeline/Particles/SimpleLit' not found
Initialize mono
Mono path[0] = 'C:/Program Files/Unity/Editor/2020.2.2f1/Editor/Data/Managed'
Mono path[1] = 'C:/Program Files/Unity/Editor/2020.2.2f1/Editor/Data/MonoBleedingEdge/lib/mono/unityjit'
Mono config path = 'C:/Program Files/Unity/Editor/2020.2.2f1/Editor/Data/MonoBleedingEdge/etc'
Using monoOptions --debugger-agent=transport=dt_socket,embedding=1,server=y,suspend=n,address=127.0.0.1:56144
Begin MonoManager ReloadAssembly
Registering precompiled unity dll's ...
Register platform support module: C:/Program Files/Unity/Editor/2020.2.2f1/Editor/Data/PlaybackEngines/WebGLSupport/UnityEditor.WebGL.Extensions.dll
Register platform support module: C:/Program Files/Unity/Editor/2020.2.2f1/Editor/Data/PlaybackEngines/WindowsStandaloneSupport/UnityEditor.WindowsStandalone.Extensions.dll
Registered in 0.007345 seconds.
Native extension for WindowsStandalone target not found
Native extension for WebGL target not found
Refreshing native plugins compatible for Editor in 92.95 ms, found 0 plugins.
Preloading 0 native plugins for Editor in 0.00 ms.
Invoked RoslynAnalysisRunner static constructor.
RoslynAnalysisRunner will not be running.
RoslynAnalysisRunner has terminated.
Mono: successfully reloaded assembly
- Completed reload, in  6.936 seconds
Platform modules already initialized, skipping
Registering precompiled user dll's ...
Registered in 0.004219 seconds.
Begin MonoManager ReloadAssembly
Native extension for WindowsStandalone target not found
Native extension for WebGL target not found
Refreshing native plugins compatible for Editor in 111.88 ms, found 0 plugins.
Preloading 0 native plugins for Editor in 0.00 ms.
Invoked RoslynAnalysisRunner static constructor.
RoslynAnalysisRunner will not be running.
RoslynAnalysisRunner has terminated.
Mono: successfully reloaded assembly
- Completed reload, in  1.973 seconds
Platform modules already initialized, skipping
========================================================================
Worker process is ready to serve import requests
Shader 'Universal Render Pipeline/Particles/Lit': fallback shader 'Universal Render Pipeline/Particles/SimpleLit' not found
Launched and connected shader compiler UnityShaderCompiler.exe after 0.09 seconds
Refreshing native plugins compatible for Editor in 0.64 ms, found 0 plugins.
Preloading 0 native plugins for Editor in 0.00 ms.
Unloading 2497 Unused Serialized files (Serialized files now loaded: 0)
System memory in use before: 140.4 MB.
System memory in use after: 140.6 MB.

Unloading 14 unused Assets to reduce memory usage. Loaded Objects now: 2974.
Total: 3.643500 ms (FindLiveObjects: 0.339200 ms CreateObjectMapping: 0.162800 ms MarkObjects: 2.634500 ms  DeleteObjects: 0.504900 ms)

========================================================================
Received Import Request.
  path: Assets/Sounds/explosion.mp3
  artifactKey: Guid(da1311ef6f52fc94daebceb2f059d1f4) Importer(815301076,1909f56bfc062723c751e8b465ee728b)
Start importing Assets/Sounds/explosion.mp3 using Guid(da1311ef6f52fc94daebceb2f059d1f4) Importer(815301076,1909f56bfc062723c751e8b465ee728b)  -> (artifact id: '4916dd4e080cf15923a583792715dd30') in 0.296636 seconds
  Import took 0.314733 seconds .

========================================================================
Received Import Request.
  Time since last request: 0.000385 seconds.
  path: Assets/Sounds/turrethit.mp3
  artifactKey: Guid(b140b294cf9dda64cac14ad60c3c7267) Importer(815301076,1909f56bfc062723c751e8b465ee728b)
Start importing Assets/Sounds/turrethit.mp3 using Guid(b140b294cf9dda64cac14ad60c3c7267) Importer(815301076,1909f56bfc062723c751e8b465ee728b)  -> (artifact id: 'af2d6dc013597b379ece2f6823b11b5a') in 0.061685 seconds
  Import took 0.089692 seconds .

========================================================================
Received Import Request.
  Time since last request: 0.001105 seconds.
  path: Assets/Sounds/playerwalk.mp3
  artifactKey: Guid(cabce838ee38b424a9bbfe0a7c0934e2) Importer(815301076,1909f56bfc062723c751e8b465ee728b)
Start importing Assets/Sounds/playerwalk.mp3 using Guid(cabce838ee38b424a9bbfe0a7c0934e2) Importer(815301076,1909f56bfc062723c751e8b465ee728b)  -> (artifact id: '80aaf4b3b799681c07699c5cf253ab3f') in 0.301871 seconds
  Import took 0.314882 seconds .

========================================================================
Received Import Request.
  Time since last request: 0.000752 seconds.
  path: Assets/Sounds/playerhit.mp3
  artifactKey: Guid(cac8cb6caac53484cb7bd3fbc8159d75) Importer(815301076,1909f56bfc062723c751e8b465ee728b)
Start importing Assets/Sounds/playerhit.mp3 using Guid(cac8cb6caac53484cb7bd3fbc8159d75) Importer(815301076,1909f56bfc062723c751e8b465ee728b)  -> (artifact id: '4710ff5c158a08058e1a9526ef0ad546') in 0.053223 seconds
  Import took 0.070560 seconds .

========================================================================
Received Import Request.
  Time since last request: 0.000489 seconds.
  path: Assets/Sounds/door.mp3
  artifactKey: Guid(5c9512f9b2ccf3646a62fce1f8f6f4d0) Importer(815301076,1909f56bfc062723c751e8b465ee728b)
Start importing Assets/Sounds/door.mp3 using Guid(5c9512f9b2ccf3646a62fce1f8f6f4d0) Importer(815301076,1909f56bfc062723c751e8b465ee728b)  -> (artifact id: '5d21e38b7f2d04a205ec711e8fbdaa65') in 0.125461 seconds
  Import took 0.136131 seconds .

========================================================================
Received Import Request.
  Time since last request: 0.000570 seconds.
  path: Assets/Sounds/music.mp3
  artifactKey: Guid(80f4f4d91ace046439b491f1bb08dc87) Importer(815301076,1909f56bfc062723c751e8b465ee728b)
Start importing Assets/Sounds/music.mp3 using Guid(80f4f4d91ace046439b491f1bb08dc87) Importer(815301076,1909f56bfc062723c751e8b465ee728b)  -> (artifact id: '00dd8f361a06fe37dc7d170bfa349185') in 0.075825 seconds
  Import took 0.107681 seconds .

========================================================================
Received Import Request.
  Time since last request: 0.001082 seconds.
  path: Assets/Textures/totem.tif
  artifactKey: Guid(8bbfeccb9bf00bb4a9541426fabf7196) Importer(815301076,1909f56bfc062723c751e8b465ee728b)
Start importing Assets/Textures/totem.tif using Guid(8bbfeccb9bf00bb4a9541426fabf7196) Importer(815301076,1909f56bfc062723c751e8b465ee728b)  -> (artifact id: 'da01c0b95edc479ef0ef8e8f39f54b70') in 0.389506 seconds
  Import took 0.400423 seconds .

========================================================================
Received Import Request.
  Time since last request: 0.000869 seconds.
  path: Assets/Sounds/beach.mp3
  artifactKey: Guid(effe1e6be965cbe41893680b95bfcb3c) Importer(815301076,1909f56bfc062723c751e8b465ee728b)
Start importing Assets/Sounds/beach.mp3 using Guid(effe1e6be965cbe41893680b95bfcb3c) Importer(815301076,1909f56bfc062723c751e8b465ee728b)  -> (artifact id: '4b31cae308d07e40bdc43718461721d9') in 0.225913 seconds
  Import took 0.236167 seconds .

========================================================================
Received Import Request.
  Time since last request: 0.000338 seconds.
  path: Assets/Textures/prop_keycard_dff.tif
  artifactKey: Guid(eb4c911b6d749f843a3f52c3f0f201e6) Importer(815301076,1909f56bfc062723c751e8b465ee728b)
Start importing Assets/Textures/prop_keycard_dff.tif using Guid(eb4c911b6d749f843a3f52c3f0f201e6) Importer(815301076,1909f56bfc062723c751e8b465ee728b)  -> (artifact id: 'b93cf243047b3637c203d3a8c51c3f88') in 0.125557 seconds
  Import took 0.160264 seconds .

========================================================================
Received Import Request.
  Time since last request: 0.000365 seconds.
  path: Assets/Sounds/dryfire.mp3
  artifactKey: Guid(ce585a1931de0a14784a8f92008deaf0) Importer(815301076,1909f56bfc062723c751e8b465ee728b)
Start importing Assets/Sounds/dryfire.mp3 using Guid(ce585a1931de0a14784a8f92008deaf0) Importer(815301076,1909f56bfc062723c751e8b465ee728b)  -> (artifact id: '58ceacbf53603db997b9d021c94509b1') in 0.139702 seconds
  Import took 0.425110 seconds .

========================================================================
Received Import Request.
  Time since last request: 0.000814 seconds.
  path: Assets/Sounds/music1.mp3
  artifactKey: Guid(856e467c5785c834b858b8df2b44a930) Importer(815301076,1909f56bfc062723c751e8b465ee728b)
Start importing Assets/Sounds/music1.mp3 using Guid(856e467c5785c834b858b8df2b44a930) Importer(815301076,1909f56bfc062723c751e8b465ee728b)  -> (artifact id: '720a3ef937130d309c440b8bafeff700') in 0.069344 seconds
  Import took 0.081318 seconds .

========================================================================
Received Import Request.
  Time since last request: 0.000607 seconds.
  path: Assets/Sounds/pickup.mp3
  artifactKey: Guid(5133671008d216e4f96196fd0189f055) Importer(815301076,1909f56bfc062723c751e8b465ee728b)
Start importing Assets/Sounds/pickup.mp3 using Guid(5133671008d216e4f96196fd0189f055) Importer(815301076,1909f56bfc062723c751e8b465ee728b)  -> (artifact id: '68012553cdc28fdb56c34e75ce5a8945') in 0.217045 seconds
  Import took 0.242965 seconds .

========================================================================
Received Import Request.
  Time since last request: 0.000393 seconds.
  path: Assets/Sounds/plane.mp3
  artifactKey: Guid(9fbde386f4ae7a148a70cb384398a641) Importer(815301076,1909f56bfc062723c751e8b465ee728b)
Start importing Assets/Sounds/plane.mp3 using Guid(9fbde386f4ae7a148a70cb384398a641) Importer(815301076,1909f56bfc062723c751e8b465ee728b)  -> (artifact id: 'af032113b320625db8cc4173deda58ee') in 0.080148 seconds
  Import took 0.089999 seconds .

========================================================================
Received Import Request.
  Time since last request: 0.000459 seconds.
  path: Assets/Sounds/health.mp3
  artifactKey: Guid(f0287bbd43c45ae4a83406aae225e0d9) Importer(815301076,1909f56bfc062723c751e8b465ee728b)
Start importing Assets/Sounds/health.mp3 using Guid(f0287bbd43c45ae4a83406aae225e0d9) Importer(815301076,1909f56bfc062723c751e8b465ee728b)  -> (artifact id: 'ef3d7e6c7f2eb2b8fecbd9d05d6ef006') in 0.079325 seconds
  Import took 0.103892 seconds .

========================================================================
Received Import Request.
  Time since last request: 0.000513 seconds.
  path: Assets/Sounds/mine.mp3
  artifactKey: Guid(407d9d0ac7464e845979e64989c2a0d8) Importer(815301076,1909f56bfc062723c751e8b465ee728b)
Start importing Assets/Sounds/mine.mp3 using Guid(407d9d0ac7464e845979e64989c2a0d8) Importer(815301076,1909f56bfc062723c751e8b465ee728b)  -> (artifact id: '0771777cc540136f13360b6ba7dd2938') in 0.064926 seconds
  Import took 0.074035 seconds .

========================================================================
Received Import Request.
  Time since last request: 0.000374 seconds.
  path: Assets/Sounds/gunshot.mp3
  artifactKey: Guid(93b96b624e95cff41b46db1ad5424f0b) Importer(815301076,1909f56bfc062723c751e8b465ee728b)
Start importing Assets/Sounds/gunshot.mp3 using Guid(93b96b624e95cff41b46db1ad5424f0b) Importer(815301076,1909f56bfc062723c751e8b465ee728b)  -> (artifact id: '87b7f307bee8420f64086b092802a423') in 0.112749 seconds
  Import took 0.122413 seconds .

========================================================================
Received Import Request.
  Time since last request: 0.000391 seconds.
  path: Assets/Sounds/cannon.mp3
  artifactKey: Guid(fbe354b70e6bfaa4384b25f3195ed860) Importer(815301076,1909f56bfc062723c751e8b465ee728b)
Start importing Assets/Sounds/cannon.mp3 using Guid(fbe354b70e6bfaa4384b25f3195ed860) Importer(815301076,1909f56bfc062723c751e8b465ee728b)  -> (artifact id: '1c04fcb715e9c8322113ada9c118df1b') in 0.083192 seconds
  Import took 0.107415 seconds .

========================================================================
Received Import Request.
  Time since last request: 0.000575 seconds.
  path: Assets/Textures/Optical.renderTexture
  artifactKey: Guid(3dfd9823bae8089478b8c4cd89319dbc) Importer(815301076,1909f56bfc062723c751e8b465ee728b)
Start importing Assets/Textures/Optical.renderTexture using Guid(3dfd9823bae8089478b8c4cd89319dbc) Importer(815301076,1909f56bfc062723c751e8b465ee728b)  -> (artifact id: 'bd74bf36389db158d9148d278bbf219b') in 0.198670 seconds
  Import took 0.226873 seconds .

========================================================================
Received Import Request.
  Time since last request: 0.000414 seconds.
  path: Assets/Sounds/forest.mp3
  artifactKey: Guid(0e1cd9cd561cfa84db7c9d10c7c7fce0) Importer(815301076,1909f56bfc062723c751e8b465ee728b)
Start importing Assets/Sounds/forest.mp3 using Guid(0e1cd9cd561cfa84db7c9d10c7c7fce0) Importer(815301076,1909f56bfc062723c751e8b465ee728b)  -> (artifact id: '934a7b528151c4ece89a372e09cc04c0') in 0.055720 seconds
  Import took 0.070577 seconds .

========================================================================
Received Import Request.
  Time since last request: 0.000506 seconds.
  path: Assets/Terrains/Island.asset
  artifactKey: Guid(efeec9bb5989ceb4d9a65574d8454d3a) Importer(815301076,1909f56bfc062723c751e8b465ee728b)
Start importing Assets/Terrains/Island.asset using Guid(efeec9bb5989ceb4d9a65574d8454d3a) Importer(815301076,1909f56bfc062723c751e8b465ee728b)  -> (artifact id: '7fabb2cfdb36ce470c9c40744bbdb2aa') in 0.140586 seconds
  Import took 0.153254 seconds .

========================================================================
Received Import Request.
  Time since last request: 0.000660 seconds.
  path: Assets/Sounds/ammo.mp3
  artifactKey: Guid(9d5df86addd4d474283346a4d0028c74) Importer(815301076,1909f56bfc062723c751e8b465ee728b)
Start importing Assets/Sounds/ammo.mp3 using Guid(9d5df86addd4d474283346a4d0028c74) Importer(815301076,1909f56bfc062723c751e8b465ee728b)  -> (artifact id: '02a8714de0cc766777f03feefca4f087') in 0.067473 seconds
  Import took 0.078822 seconds .

========================================================================
Received Import Request.
  Time since last request: 0.000464 seconds.
  path: Assets/Textures/prop_keycard_nrm.tif
  artifactKey: Guid(7f5280223ed29d04ab50ecbb9298c6e5) Importer(815301076,1909f56bfc062723c751e8b465ee728b)
Start importing Assets/Textures/prop_keycard_nrm.tif using Guid(7f5280223ed29d04ab50ecbb9298c6e5) Importer(815301076,1909f56bfc062723c751e8b465ee728b)  -> (artifact id: 'd86f5ea6e5b158bea0596a9666a0e3d8') in 0.074796 seconds
  Import took 0.099969 seconds .

========================================================================
Received Prepare
Registering precompiled user dll's ...
Registered in 0.005614 seconds.
Begin MonoManager ReloadAssembly
Native extension for WindowsStandalone target not found
Native extension for WebGL target not found
Refreshing native plugins compatible for Editor in 0.90 ms, found 0 plugins.
Preloading 0 native plugins for Editor in 0.00 ms.
Invoked RoslynAnalysisRunner static constructor.
RoslynAnalysisRunner will not be running.
RoslynAnalysisRunner has terminated.
Mono: successfully reloaded assembly
- Completed reload, in  1.735 seconds
Platform modules already initialized, skipping
Switching build target platform(5) subTarget(0) extendedPlatform(0) -> platform(13) subTarget(589824) extendedPlatform(0)
Shader 'Universal Render Pipeline/Particles/Lit': fallback shader 'Universal Render Pipeline/Particles/SimpleLit' not found
Refreshing native plugins compatible for Editor in 0.71 ms, found 0 plugins.
Preloading 0 native plugins for Editor in 0.00 ms.
Unloading 2404 Unused Serialized files (Serialized files now loaded: 0)
System memory in use before: 134.2 MB.
System memory in use after: 134.4 MB.

Unloading 5 unused Assets to reduce memory usage. Loaded Objects now: 2989.
Total: 12.541700 ms (FindLiveObjects: 0.878900 ms CreateObjectMapping: 0.893600 ms MarkObjects: 10.699500 ms  DeleteObjects: 0.066500 ms)

AssetImportParameters requested are different than current active one (requested -> active):
  custom:graphics/normal-map-encoding: 01000000000000000000000000000000 -> 02000000000000000000000000000000
========================================================================
Received Import Request.
  Time since last request: 99.021093 seconds.
  path: Assets/Scripts/Menu.cs
  artifactKey: Guid(7350caecda0657a44adb6821269260ed) Importer(815301076,1909f56bfc062723c751e8b465ee728b)
Start importing Assets/Scripts/Menu.cs using Guid(7350caecda0657a44adb6821269260ed) Importer(815301076,1909f56bfc062723c751e8b465ee728b)  -> (artifact id: '3eaec1ca3a8ff927de22093d5bedcb2e') in 0.110166 seconds
  Import took 0.170638 seconds .

========================================================================
Received Import Request.
  Time since last request: 5.295393 seconds.
  path: Assets/Scripts/Menu.cs
  artifactKey: Guid(7350caecda0657a44adb6821269260ed) Importer(815301076,1909f56bfc062723c751e8b465ee728b)
Start importing Assets/Scripts/Menu.cs using Guid(7350caecda0657a44adb6821269260ed) Importer(815301076,1909f56bfc062723c751e8b465ee728b)  -> (artifact id: '3eaec1ca3a8ff927de22093d5bedcb2e') in 0.009284 seconds
  Import took 0.039203 seconds .

========================================================================
Received Prepare
Registering precompiled user dll's ...
Registered in 0.004087 seconds.
Begin MonoManager ReloadAssembly
Native extension for WindowsStandalone target not found
Native extension for WebGL target not found
Refreshing native plugins compatible for Editor in 0.67 ms, found 0 plugins.
Preloading 0 native plugins for Editor in 0.00 ms.
Invoked RoslynAnalysisRunner static constructor.
RoslynAnalysisRunner will not be running.
RoslynAnalysisRunner has terminated.
Mono: successfully reloaded assembly
- Completed reload, in  1.746 seconds
Platform modules already initialized, skipping
Switching build target platform(5) subTarget(0) extendedPlatform(0) -> platform(13) subTarget(589824) extendedPlatform(0)
Shader 'Universal Render Pipeline/Particles/Lit': fallback shader 'Universal Render Pipeline/Particles/SimpleLit' not found
Refreshing native plugins compatible for Editor in 0.64 ms, found 0 plugins.
Preloading 0 native plugins for Editor in 0.00 ms.
Unloading 2404 Unused Serialized files (Serialized files now loaded: 0)
System memory in use before: 134.1 MB.
System memory in use after: 134.4 MB.

Unloading 5 unused Assets to reduce memory usage. Loaded Objects now: 2991.
Total: 3.179500 ms (FindLiveObjects: 0.311400 ms CreateObjectMapping: 0.150400 ms MarkObjects: 2.690100 ms  DeleteObjects: 0.025300 ms)

AssetImportParameters requested are different than current active one (requested -> active):
  custom:graphics/normal-map-encoding: 01000000000000000000000000000000 -> 02000000000000000000000000000000
========================================================================
Received Import Request.
  Time since last request: 108.376303 seconds.
  path: Assets/Scripts/Menu.cs
  artifactKey: Guid(7350caecda0657a44adb6821269260ed) Importer(815301076,1909f56bfc062723c751e8b465ee728b)
Start importing Assets/Scripts/Menu.cs using Guid(7350caecda0657a44adb6821269260ed) Importer(815301076,1909f56bfc062723c751e8b465ee728b)  -> (artifact id: '57fa3616611b85277201381fb2f0367e') in 0.019814 seconds
  Import took 0.103191 seconds .

========================================================================
Received Prepare
Registering precompiled user dll's ...
Registered in 0.005679 seconds.
Begin MonoManager ReloadAssembly
Native extension for WindowsStandalone target not found
Native extension for WebGL target not found
Refreshing native plugins compatible for Editor in 0.64 ms, found 0 plugins.
Preloading 0 native plugins for Editor in 0.00 ms.
Invoked RoslynAnalysisRunner static constructor.
RoslynAnalysisRunner will not be running.
RoslynAnalysisRunner has terminated.
Mono: successfully reloaded assembly
- Completed reload, in  1.926 seconds
Platform modules already initialized, skipping
Switching build target platform(5) subTarget(0) extendedPlatform(0) -> platform(13) subTarget(589824) extendedPlatform(0)
Shader 'Universal Render Pipeline/Particles/Lit': fallback shader 'Universal Render Pipeline/Particles/SimpleLit' not found
Refreshing native plugins compatible for Editor in 0.82 ms, found 0 plugins.
Preloading 0 native plugins for Editor in 0.00 ms.
Unloading 2404 Unused Serialized files (Serialized files now loaded: 0)
System memory in use before: 134.3 MB.
System memory in use after: 134.5 MB.

Unloading 5 unused Assets to reduce memory usage. Loaded Objects now: 2993.
Total: 5.031600 ms (FindLiveObjects: 0.555600 ms CreateObjectMapping: 0.247300 ms MarkObjects: 4.186700 ms  DeleteObjects: 0.038400 ms)

AssetImportParameters requested are different than current active one (requested -> active):
  custom:graphics/normal-map-encoding: 01000000000000000000000000000000 -> 02000000000000000000000000000000
========================================================================
Received Import Request.
  Time since last request: 26.047873 seconds.
  path: Assets/Scripts/Menu.cs
  artifactKey: Guid(7350caecda0657a44adb6821269260ed) Importer(815301076,1909f56bfc062723c751e8b465ee728b)
Start importing Assets/Scripts/Menu.cs using Guid(7350caecda0657a44adb6821269260ed) Importer(815301076,1909f56bfc062723c751e8b465ee728b)  -> (artifact id: 'ea8689792b0a7e0ced6b0d239c32dfef') in 0.014744 seconds
  Import took 0.040799 seconds .

========================================================================
Received Prepare
Registering precompiled user dll's ...
Registered in 0.004504 seconds.
Begin MonoManager ReloadAssembly
Native extension for WindowsStandalone target not found
Native extension for WebGL target not found
Refreshing native plugins compatible for Editor in 1.23 ms, found 0 plugins.
Preloading 0 native plugins for Editor in 0.00 ms.
Invoked RoslynAnalysisRunner static constructor.
RoslynAnalysisRunner will not be running.
RoslynAnalysisRunner has terminated.
Mono: successfully reloaded assembly
- Completed reload, in  2.506 seconds
Platform modules already initialized, skipping
Switching build target platform(5) subTarget(0) extendedPlatform(0) -> platform(13) subTarget(589824) extendedPlatform(0)
Shader 'Universal Render Pipeline/Particles/Lit': fallback shader 'Universal Render Pipeline/Particles/SimpleLit' not found
Refreshing native plugins compatible for Editor in 0.69 ms, found 0 plugins.
Preloading 0 native plugins for Editor in 0.00 ms.
Unloading 2404 Unused Serialized files (Serialized files now loaded: 0)
System memory in use before: 134.3 MB.
System memory in use after: 134.5 MB.

Unloading 5 unused Assets to reduce memory usage. Loaded Objects now: 2995.
Total: 3.136300 ms (FindLiveObjects: 0.395400 ms CreateObjectMapping: 0.160300 ms MarkObjects: 2.550300 ms  DeleteObjects: 0.027900 ms)

AssetImportParameters requested are different than current active one (requested -> active):
  custom:graphics/normal-map-encoding: 01000000000000000000000000000000 -> 02000000000000000000000000000000
========================================================================
Received Prepare
Registering precompiled user dll's ...
Registered in 0.005420 seconds.
Begin MonoManager ReloadAssembly
Native extension for WindowsStandalone target not found
Native extension for WebGL target not found
Refreshing native plugins compatible for Editor in 4.30 ms, found 0 plugins.
Preloading 0 native plugins for Editor in 0.00 ms.
Invoked RoslynAnalysisRunner static constructor.
RoslynAnalysisRunner will not be running.
RoslynAnalysisRunner has terminated.
Mono: successfully reloaded assembly
- Completed reload, in 10.621 seconds
Platform modules already initialized, skipping
Switching build target platform(5) subTarget(0) extendedPlatform(0) -> platform(13) subTarget(589824) extendedPlatform(0)
Shader 'Universal Render Pipeline/Particles/Lit': fallback shader 'Universal Render Pipeline/Particles/SimpleLit' not found
Refreshing native plugins compatible for Editor in 1.61 ms, found 0 plugins.
Preloading 0 native plugins for Editor in 0.00 ms.
Unloading 2404 Unused Serialized files (Serialized files now loaded: 0)
System memory in use before: 134.2 MB.
System memory in use after: 134.4 MB.

Unloading 5 unused Assets to reduce memory usage. Loaded Objects now: 2997.
Total: 19.033200 ms (FindLiveObjects: 0.981900 ms CreateObjectMapping: 0.554100 ms MarkObjects: 17.393900 ms  DeleteObjects: 0.097400 ms)

AssetImportParameters requested are different than current active one (requested -> active):
  custom:graphics/normal-map-encoding: 01000000000000000000000000000000 -> 02000000000000000000000000000000
========================================================================
Received Import Request.
  Time since last request: 1552.888117 seconds.
  path: Assets/Scenes/menu.unity
  artifactKey: Guid(a31e1b343462dde4ca12a51da0e9f27c) Importer(815301076,1909f56bfc062723c751e8b465ee728b)
Start importing Assets/Scenes/menu.unity using Guid(a31e1b343462dde4ca12a51da0e9f27c) Importer(815301076,1909f56bfc062723c751e8b465ee728b)  -> (artifact id: 'bcc3dd6bb587771b5dc283497cdf3971') in 0.268845 seconds
  Import took 0.364417 seconds .

========================================================================
Received Prepare
Registering precompiled user dll's ...
Registered in 0.004950 seconds.
Begin MonoManager ReloadAssembly
Native extension for WindowsStandalone target not found
Native extension for WebGL target not found
Refreshing native plugins compatible for Editor in 2.40 ms, found 0 plugins.
Preloading 0 native plugins for Editor in 0.00 ms.
Invoked RoslynAnalysisRunner static constructor.
RoslynAnalysisRunner will not be running.
RoslynAnalysisRunner has terminated.
Mono: successfully reloaded assembly
- Completed reload, in  4.154 seconds
Platform modules already initialized, skipping
Switching build target platform(5) subTarget(0) extendedPlatform(0) -> platform(13) subTarget(589824) extendedPlatform(0)
Shader 'Universal Render Pipeline/Particles/Lit': fallback shader 'Universal Render Pipeline/Particles/SimpleLit' not found
Refreshing native plugins compatible for Editor in 0.67 ms, found 0 plugins.
Preloading 0 native plugins for Editor in 0.00 ms.
Unloading 2404 Unused Serialized files (Serialized files now loaded: 0)
System memory in use before: 134.3 MB.
System memory in use after: 134.5 MB.

Unloading 5 unused Assets to reduce memory usage. Loaded Objects now: 2999.
Total: 3.739300 ms (FindLiveObjects: 0.523000 ms CreateObjectMapping: 0.229000 ms MarkObjects: 2.946500 ms  DeleteObjects: 0.038400 ms)

AssetImportParameters requested are different than current active one (requested -> active):
  custom:graphics/normal-map-encoding: 01000000000000000000000000000000 -> 02000000000000000000000000000000
========================================================================
Received Prepare
Registering precompiled user dll's ...
Registered in 0.003877 seconds.
Begin MonoManager ReloadAssembly
Native extension for WindowsStandalone target not found
Native extension for WebGL target not found
Refreshing native plugins compatible for Editor in 0.64 ms, found 0 plugins.
Preloading 0 native plugins for Editor in 0.00 ms.
Invoked RoslynAnalysisRunner static constructor.
RoslynAnalysisRunner will not be running.
RoslynAnalysisRunner has terminated.
Mono: successfully reloaded assembly
- Completed reload, in  1.872 seconds
Platform modules already initialized, skipping
Switching build target platform(5) subTarget(0) extendedPlatform(0) -> platform(13) subTarget(589824) extendedPlatform(0)
Shader 'Universal Render Pipeline/Particles/Lit': fallback shader 'Universal Render Pipeline/Particles/SimpleLit' not found
Refreshing native plugins compatible for Editor in 0.64 ms, found 0 plugins.
Preloading 0 native plugins for Editor in 0.00 ms.
Unloading 2404 Unused Serialized files (Serialized files now loaded: 0)
System memory in use before: 134.3 MB.
System memory in use after: 134.6 MB.

Unloading 5 unused Assets to reduce memory usage. Loaded Objects now: 3001.
Total: 5.222500 ms (FindLiveObjects: 0.437800 ms CreateObjectMapping: 0.201700 ms MarkObjects: 4.532800 ms  DeleteObjects: 0.047300 ms)

AssetImportParameters requested are different than current active one (requested -> active):
  custom:graphics/normal-map-encoding: 01000000000000000000000000000000 -> 02000000000000000000000000000000
========================================================================
Received Import Request.
  Time since last request: 672.963778 seconds.
  path: ProjectSettings/ProjectSettings.asset
  artifactKey: Guid(00000000000000004000000000000000) Importer(815301076,1909f56bfc062723c751e8b465ee728b)
Start importing ProjectSettings/ProjectSettings.asset using Guid(00000000000000004000000000000000) Importer(815301076,1909f56bfc062723c751e8b465ee728b)  -> (artifact id: 'e787facaf8c55f2f055e2ef9a8c9ccc6') in 0.105561 seconds
  Import took 0.129011 seconds .

========================================================================
Received Prepare
Shader 'Universal Render Pipeline/Particles/Lit': fallback shader 'Universal Render Pipeline/Particles/SimpleLit' not found
Refreshing native plugins compatible for Editor in 5858.86 ms, found 0 plugins.
Preloading 0 native plugins for Editor in 0.00 ms.
Unloading 3 Unused Serialized files (Serialized files now loaded: 0)
System memory in use before: 89.5 MB.
System memory in use after: 89.7 MB.

Unloading 4 unused Assets to reduce memory usage. Loaded Objects now: 3001.
Total: 38.728100 ms (FindLiveObjects: 1.638600 ms CreateObjectMapping: 0.377000 ms MarkObjects: 36.375200 ms  DeleteObjects: 0.333400 ms)

